2021-08-01T17:11:35.907Z : tiodopaave connected to the game
2021-08-01T17:11:36.786Z : tiodopaave joined map-1
2021-08-01T17:12:48.212Z : tiodopaave joined map-1
2021-08-01T17:51:17.722Z : tiodopaave connected to the game
2021-08-01T17:51:18.599Z : tiodopaave joined map-1
2021-08-01T18:07:10.627Z : tiodopaave connected to the game
2021-08-01T18:07:11.522Z : tiodopaave joined map-1
2021-08-01T18:08:20.564Z : tiodopaave disconnected from the game.
2021-08-01T18:08:25.704Z : tiodopaave connected to the game
2021-08-01T18:08:26.596Z : tiodopaave joined map-1
2021-08-01T18:08:29.391Z : tiodopaave disconnected from the game.
2021-08-01T18:13:08.268Z : tiodopaave connected to the game
2021-08-01T18:13:09.206Z : tiodopaave joined map-1
2021-08-01T18:14:40.803Z : user1 connected to the game
2021-08-01T18:14:41.703Z : user1 joined map-1
2021-08-01T18:14:41.711Z : tiodopaave transmitted its position to deDxx_P4eJuv5to6AAAD
2021-08-01T18:15:13.642Z : user1 disconnected from the game.
2021-08-01T18:15:41.592Z : user1 connected to the game
2021-08-01T18:15:42.498Z : user1 joined map-1
2021-08-01T18:15:42.501Z : tiodopaave transmitted its position to CL_-wgsN0lmikaN6AAAF
2021-08-01T18:15:53.029Z : user1 disconnected from the game.
2021-08-01T18:15:56.636Z : tiodopaave disconnected from the game.
2021-08-01T18:16:04.311Z : user1 connected to the game
2021-08-01T18:16:05.206Z : user1 joined map-1
2021-08-01T18:16:11.593Z : user1 disconnected from the game.
2021-08-01T18:16:31.105Z : tiodopaave connected to the game
2021-08-01T18:16:32.046Z : tiodopaave joined map-1
2021-08-01T18:16:44.072Z : user1 connected to the game
2021-08-01T18:16:44.972Z : user1 joined map-1
2021-08-01T18:16:44.976Z : tiodopaave transmitted its position to tJkv1l0R1N7SEASBAAAJ
2021-08-01T18:16:51.085Z : user1 disconnected from the game.
2021-08-01T18:17:26.672Z : user1 connected to the game
2021-08-01T18:17:27.575Z : user1 joined map-1
2021-08-01T18:17:27.577Z : tiodopaave transmitted its position to LsCeMnnMb4HenQnMAAAK
2021-08-01T18:17:31.187Z : user1 disconnected from the game.
2021-08-01T18:17:43.091Z : tiodopaave disconnected from the game.
2021-08-01T18:18:30.096Z : user1 connected to the game
2021-08-01T18:18:31.023Z : user1 joined map-1
2021-08-01T18:18:41.209Z : tiodopaave connected to the game
2021-08-01T18:18:42.172Z : tiodopaave joined map-1
2021-08-01T18:18:42.175Z : user1 transmitted its position to E8Ig0UfoQrrqp_IcAAAM
2021-08-01T18:19:32.714Z : user1 disconnected from the game.
2021-08-01T19:01:15.710Z : tiodopaave disconnected from the game.
2021-08-01T19:01:17.717Z : tiodopaave connected to the game
2021-08-01T19:01:18.618Z : tiodopaave joined map-1
2021-08-01T19:02:58.661Z : tiodopaave disconnected from the game.
2021-08-01T19:03:00.516Z : tiodopaave connected to the game
2021-08-01T19:03:01.452Z : tiodopaave joined map-1
2021-08-01T19:03:37.935Z : tiodopaave disconnected from the game.
2021-08-01T19:03:39.516Z : tiodopaave connected to the game
2021-08-01T19:03:40.437Z : tiodopaave joined map-1
2021-08-01T19:04:11.667Z : tiodopaave disconnected from the game.
2021-08-01T19:04:13.612Z : tiodopaave connected to the game
2021-08-01T19:04:14.542Z : tiodopaave joined map-1
2021-08-01T19:04:20.493Z : user1 connected to the game
2021-08-01T19:04:21.393Z : user1 joined map-1
2021-08-01T19:04:21.395Z : tiodopaave transmitted its position to _O5CFv60xLe9ybuoAAAY
2021-08-01T19:04:36.974Z : user1 joined map-1
2021-08-01T19:04:36.982Z : tiodopaave transmitted its position to _O5CFv60xLe9ybuoAAAY
2021-08-01T19:04:38.094Z : user1 joined map-1
2021-08-01T19:04:38.097Z : tiodopaave transmitted its position to _O5CFv60xLe9ybuoAAAY
2021-08-01T19:04:38.694Z : user1 joined map-1
2021-08-01T19:04:38.695Z : tiodopaave transmitted its position to _O5CFv60xLe9ybuoAAAY
2021-08-01T19:04:42.435Z : tiodopaave joined map-1
2021-08-01T19:04:42.436Z : user1 transmitted its position to jrFArmwSJGRIX5HpAAAX
2021-08-01T19:04:43.563Z : tiodopaave joined map-1
2021-08-01T19:04:43.567Z : user1 transmitted its position to jrFArmwSJGRIX5HpAAAX
2021-08-01T19:04:44.091Z : tiodopaave joined map-1
2021-08-01T19:04:44.092Z : user1 transmitted its position to jrFArmwSJGRIX5HpAAAX
2021-08-01T19:04:44.477Z : tiodopaave joined map-1
2021-08-01T19:04:44.481Z : user1 transmitted its position to jrFArmwSJGRIX5HpAAAX
2021-08-01T19:04:44.846Z : tiodopaave joined map-1
2021-08-01T19:04:44.847Z : user1 transmitted its position to jrFArmwSJGRIX5HpAAAX
2021-08-01T19:04:53.515Z : tiodopaave joined map-1
2021-08-01T19:04:53.516Z : user1 transmitted its position to jrFArmwSJGRIX5HpAAAX
2021-08-01T19:04:59.011Z : user1 disconnected from the game.
2021-08-01T19:05:48.641Z : tiodopaave disconnected from the game.
2021-08-01T19:05:50.569Z : tiodopaave connected to the game
2021-08-01T19:05:51.497Z : tiodopaave joined map-1
2021-08-01T19:06:23.583Z : tiodopaave joined map-1
2021-08-01T19:06:25.644Z : tiodopaave joined map-1
2021-08-01T19:06:50.900Z : tiodopaave joined map-1
2021-08-01T19:06:51.942Z : tiodopaave joined map-1
2021-08-01T19:06:52.424Z : tiodopaave joined map-1
2021-08-01T19:06:52.738Z : tiodopaave joined map-1
2021-08-01T19:06:56.845Z : tiodopaave joined map-1
2021-08-01T19:07:07.370Z : user1 connected to the game
2021-08-01T19:07:08.272Z : user1 joined map-1
2021-08-01T19:07:08.283Z : tiodopaave transmitted its position to ZMtg7ll5WhOkl09GAAAa
2021-08-01T19:07:15.470Z : user1 joined map-1
2021-08-01T19:07:15.481Z : tiodopaave transmitted its position to ZMtg7ll5WhOkl09GAAAa
2021-08-01T19:07:16.189Z : user1 joined map-1
2021-08-01T19:07:16.200Z : tiodopaave transmitted its position to ZMtg7ll5WhOkl09GAAAa
2021-08-01T19:07:20.544Z : user1 joined map-1
2021-08-01T19:07:20.567Z : tiodopaave transmitted its position to ZMtg7ll5WhOkl09GAAAa
2021-08-01T19:07:25.961Z : user1 disconnected from the game.
2021-08-01T19:09:22.571Z : tiodopaave disconnected from the game.
2021-08-01T19:09:24.153Z : tiodopaave connected to the game
2021-08-01T19:09:25.066Z : tiodopaave joined map-1
2021-08-01T19:09:41.418Z : tiodopaave joined map-1
2021-08-01T19:16:34.903Z : tiodopaave disconnected from the game.
2021-08-01T19:16:40.322Z : tiodopaave connected to the game
2021-08-01T19:16:41.229Z : tiodopaave joined map-1
2021-08-01T19:17:32.349Z : tiodopaave joined map-1
2021-08-01T19:17:41.224Z : tiodopaave disconnected from the game.
2021-08-01T19:27:14.568Z : tiodopaave connected to the game
2021-08-01T19:27:15.497Z : tiodopaave joined map-1
2021-08-01T19:28:38.913Z : tiodopaave disconnected from the game.
2021-08-01T19:28:44.801Z : user1 connected to the game
2021-08-01T19:28:45.708Z : user1 joined map-1
2021-08-01T19:28:50.721Z : tiodopaave connected to the game
2021-08-01T19:28:51.680Z : tiodopaave joined map-1
2021-08-01T19:28:51.683Z : user1 transmitted its position to QY3CwV-NOUB9p4PQAAAg
2021-08-01T19:32:19.921Z : user1 disconnected from the game.
2021-08-01T22:22:55.903Z : tiodopaave disconnected from the game.
2021-08-02T01:52:29.442Z : tiodopaave connected to the game
2021-08-02T01:52:30.399Z : tiodopaave joined map-1
2021-08-02T01:52:36.366Z : user1 connected to the game
2021-08-02T01:52:37.260Z : user1 joined map-1
2021-08-02T01:52:37.263Z : tiodopaave transmitted its position to ixTIPeAsk1U-UCt9AAAB
2021-08-02T01:52:50.114Z : user1 disconnected from the game.
2021-08-02T01:53:17.889Z : tiodopaave disconnected from the game.
2021-08-02T01:53:19.774Z : tiodopaave connected to the game
2021-08-02T01:53:20.664Z : tiodopaave joined map-1
2021-08-02T01:53:44.997Z : user1 connected to the game
2021-08-02T01:53:45.864Z : user1 joined map-1
2021-08-02T01:53:45.868Z : tiodopaave transmitted its position to _92xPTvNYWFMrNyHAAAD
2021-08-02T01:54:18.867Z : user1 disconnected from the game.
2021-08-02T01:54:50.478Z : tiodopaave disconnected from the game.
